[2026-01-14 12:13:40,276][main.py][line:87][INFO] Config:{'dataset': 'ucf-crime', 'model_name': 'ucf_', 'metrics': 'AUC', 'feat_prefix': '/home/nazoku/Desktop/TFG/datos/', 'train_list': './list/ucf/train.list', 'test_list': './list/ucf/test.list', 'token_feat': './list/ucf/ucf-prompt.npy', 'gt': './list/ucf/ucf-gt.npy', 'win_size': 9, 'gamma': 0.6, 'bias': 0.2, 'norm': True, 't_step': 9, 'temp': 0.09, 'lamda': 1, 'seed': 9, 'test_bs': 1, 'smooth': 'slide', 'kappa': 7, 'ckpt_path': './ckpt/ucf__8636.pkl', 'feat_dim': 1024, 'head_num': 1, 'hid_dim': 128, 'out_dim': 300, 'lr': 0.0005, 'dropout': 0.1, 'train_bs': 128, 'max_seqlen': 200, 'max_epoch': 50, 'workers': 8, 'save_dir': './ckpt/', 'logs_dir': './log_info.log'}
[2026-01-14 12:13:42,832][main.py][line:113][INFO] total params:1.2091M
[2026-01-14 12:13:42,832][main.py][line:120][INFO] Test Mode
[2026-01-14 12:13:42,832][main.py][line:26][INFO] loading pretrained checkpoint from ./ckpt/ucf__8636.pkl.
[2026-01-14 12:15:50,224][main.py][line:87][INFO] Config:{'dataset': 'ucf-crime', 'model_name': 'ucf_', 'metrics': 'AUC', 'feat_prefix': '/home/nazoku/Desktop/TFG/datos/', 'train_list': './list/ucf/train.list', 'test_list': './list/ucf/test.list', 'token_feat': './list/ucf/ucf-prompt.npy', 'gt': './list/ucf/ucf-gt-updated.npy', 'win_size': 9, 'gamma': 0.6, 'bias': 0.2, 'norm': True, 't_step': 9, 'temp': 0.09, 'lamda': 1, 'seed': 9, 'test_bs': 1, 'smooth': 'slide', 'kappa': 7, 'ckpt_path': './ckpt/ucf__8636.pkl', 'feat_dim': 1024, 'head_num': 1, 'hid_dim': 128, 'out_dim': 300, 'lr': 0.0005, 'dropout': 0.1, 'train_bs': 128, 'max_seqlen': 200, 'max_epoch': 50, 'workers': 8, 'save_dir': './ckpt/', 'logs_dir': './log_info.log'}
[2026-01-14 12:15:52,716][main.py][line:113][INFO] total params:1.2091M
[2026-01-14 12:15:52,716][main.py][line:120][INFO] Test Mode
[2026-01-14 12:15:52,716][main.py][line:26][INFO] loading pretrained checkpoint from ./ckpt/ucf__8636.pkl.
[2026-01-14 12:17:21,440][main.py][line:87][INFO] Config:{'dataset': 'ucf-crime', 'model_name': 'ucf_', 'metrics': 'AUC', 'feat_prefix': '/home/nazoku/Desktop/TFG/datos/', 'train_list': './list/ucf/train.list', 'test_list': './list/ucf/test.list', 'token_feat': './list/ucf/ucf-prompt.npy', 'gt': './list/ucf/ucf-gt-updated.npy', 'win_size': 9, 'gamma': 0.6, 'bias': 0.2, 'norm': True, 't_step': 9, 'temp': 0.09, 'lamda': 1, 'seed': 9, 'test_bs': 1, 'smooth': 'fixed', 'kappa': 10, 'ckpt_path': './ckpt/ucf__8636.pkl', 'feat_dim': 1024, 'head_num': 1, 'hid_dim': 128, 'out_dim': 300, 'lr': 0.0005, 'dropout': 0.1, 'train_bs': 128, 'max_seqlen': 200, 'max_epoch': 50, 'workers': 8, 'save_dir': './ckpt/', 'logs_dir': './log_info.log'}
[2026-01-14 12:17:24,431][main.py][line:113][INFO] total params:1.2091M
[2026-01-14 12:17:24,431][main.py][line:120][INFO] Test Mode
[2026-01-14 12:17:24,431][main.py][line:26][INFO] loading pretrained checkpoint from ./ckpt/ucf__8636.pkl.
[2026-01-14 12:22:31,106][main.py][line:87][INFO] Config:{'dataset': 'ucf-crime', 'model_name': 'ucf_', 'metrics': 'AUC', 'feat_prefix': '/home/nazoku/Desktop/TFG/datos/', 'train_list': './list/ucf/train.list', 'test_list': './list/ucf/test.list', 'token_feat': './list/ucf/ucf-prompt.npy', 'gt': './list/ucf/ucf-gt-updated.npy', 'win_size': 9, 'gamma': 0.6, 'bias': 0.2, 'norm': True, 't_step': 9, 'temp': 0.09, 'lamda': 1, 'seed': 9, 'test_bs': 2, 'smooth': 'fixed', 'kappa': 10, 'ckpt_path': './ckpt/ucf__8636.pkl', 'feat_dim': 1024, 'head_num': 1, 'hid_dim': 128, 'out_dim': 300, 'lr': 0.0005, 'dropout': 0.1, 'train_bs': 128, 'max_seqlen': 200, 'max_epoch': 50, 'workers': 8, 'save_dir': './ckpt/', 'logs_dir': './log_info.log'}
[2026-01-14 12:22:33,843][main.py][line:113][INFO] total params:1.2091M
[2026-01-14 12:22:33,843][main.py][line:120][INFO] Test Mode
[2026-01-14 12:22:33,843][main.py][line:26][INFO] loading pretrained checkpoint from ./ckpt/ucf__8636.pkl.
[2026-01-14 12:24:56,900][main.py][line:87][INFO] Config:{'dataset': 'ucf-crime', 'model_name': 'ucf_', 'metrics': 'AUC', 'feat_prefix': '/home/nazoku/Desktop/TFG/datos/', 'train_list': './list/ucf/train.list', 'test_list': './list/ucf/test.list', 'token_feat': './list/ucf/ucf-prompt.npy', 'gt': './list/ucf/ucf-gt-updated.npy', 'win_size': 9, 'gamma': 0.6, 'bias': 0.2, 'norm': True, 't_step': 9, 'temp': 0.09, 'lamda': 1, 'seed': 9, 'test_bs': 3, 'smooth': 'fixed', 'kappa': 10, 'ckpt_path': './ckpt/ucf__8636.pkl', 'feat_dim': 1024, 'head_num': 1, 'hid_dim': 128, 'out_dim': 300, 'lr': 0.0005, 'dropout': 0.1, 'train_bs': 128, 'max_seqlen': 200, 'max_epoch': 50, 'workers': 8, 'save_dir': './ckpt/', 'logs_dir': './log_info.log'}
[2026-01-14 12:24:59,484][main.py][line:113][INFO] total params:1.2091M
[2026-01-14 12:24:59,484][main.py][line:120][INFO] Test Mode
[2026-01-14 12:24:59,484][main.py][line:26][INFO] loading pretrained checkpoint from ./ckpt/ucf__8636.pkl.
[2026-01-14 12:25:47,277][main.py][line:87][INFO] Config:{'dataset': 'ucf-crime', 'model_name': 'ucf_', 'metrics': 'AUC', 'feat_prefix': '/home/nazoku/Desktop/TFG/datos/', 'train_list': './list/ucf/train.list', 'test_list': './list/ucf/test.list', 'token_feat': './list/ucf/ucf-prompt.npy', 'gt': './list/ucf/ucf-gt-updated.npy', 'win_size': 9, 'gamma': 0.6, 'bias': 0.2, 'norm': True, 't_step': 9, 'temp': 0.09, 'lamda': 1, 'seed': 9, 'test_bs': 4, 'smooth': 'fixed', 'kappa': 10, 'ckpt_path': './ckpt/ucf__8636.pkl', 'feat_dim': 1024, 'head_num': 1, 'hid_dim': 128, 'out_dim': 300, 'lr': 0.0005, 'dropout': 0.1, 'train_bs': 128, 'max_seqlen': 200, 'max_epoch': 50, 'workers': 8, 'save_dir': './ckpt/', 'logs_dir': './log_info.log'}
[2026-01-14 12:25:50,141][main.py][line:113][INFO] total params:1.2091M
[2026-01-14 12:25:50,141][main.py][line:120][INFO] Test Mode
[2026-01-14 12:25:50,141][main.py][line:26][INFO] loading pretrained checkpoint from ./ckpt/ucf__8636.pkl.
[2026-01-14 12:26:00,815][main.py][line:87][INFO] Config:{'dataset': 'ucf-crime', 'model_name': 'ucf_', 'metrics': 'AUC', 'feat_prefix': '/home/nazoku/Desktop/TFG/datos/', 'train_list': './list/ucf/train.list', 'test_list': './list/ucf/test.list', 'token_feat': './list/ucf/ucf-prompt.npy', 'gt': './list/ucf/ucf-gt-updated.npy', 'win_size': 9, 'gamma': 0.6, 'bias': 0.2, 'norm': True, 't_step': 9, 'temp': 0.09, 'lamda': 1, 'seed': 9, 'test_bs': 10, 'smooth': 'fixed', 'kappa': 10, 'ckpt_path': './ckpt/ucf__8636.pkl', 'feat_dim': 1024, 'head_num': 1, 'hid_dim': 128, 'out_dim': 300, 'lr': 0.0005, 'dropout': 0.1, 'train_bs': 128, 'max_seqlen': 200, 'max_epoch': 50, 'workers': 8, 'save_dir': './ckpt/', 'logs_dir': './log_info.log'}
[2026-01-14 12:26:03,289][main.py][line:113][INFO] total params:1.2091M
[2026-01-14 12:26:03,289][main.py][line:120][INFO] Test Mode
[2026-01-14 12:26:03,289][main.py][line:26][INFO] loading pretrained checkpoint from ./ckpt/ucf__8636.pkl.
[2026-01-14 12:26:28,258][main.py][line:87][INFO] Config:{'dataset': 'ucf-crime', 'model_name': 'ucf_', 'metrics': 'AUC', 'feat_prefix': '/home/nazoku/Desktop/TFG/datos/', 'train_list': './list/ucf/train.list', 'test_list': './list/ucf/test.list', 'token_feat': './list/ucf/ucf-prompt.npy', 'gt': './list/ucf/ucf-gt-updated.npy', 'win_size': 9, 'gamma': 0.6, 'bias': 0.2, 'norm': True, 't_step': 9, 'temp': 0.09, 'lamda': 1, 'seed': 9, 'test_bs': 8, 'smooth': 'fixed', 'kappa': 10, 'ckpt_path': './ckpt/ucf__8636.pkl', 'feat_dim': 1024, 'head_num': 1, 'hid_dim': 128, 'out_dim': 300, 'lr': 0.0005, 'dropout': 0.1, 'train_bs': 128, 'max_seqlen': 200, 'max_epoch': 50, 'workers': 8, 'save_dir': './ckpt/', 'logs_dir': './log_info.log'}
[2026-01-14 12:26:30,802][main.py][line:113][INFO] total params:1.2091M
[2026-01-14 12:26:30,803][main.py][line:120][INFO] Test Mode
[2026-01-14 12:26:30,803][main.py][line:26][INFO] loading pretrained checkpoint from ./ckpt/ucf__8636.pkl.
[2026-01-14 12:26:53,754][main.py][line:87][INFO] Config:{'dataset': 'ucf-crime', 'model_name': 'ucf_', 'metrics': 'AUC', 'feat_prefix': '/home/nazoku/Desktop/TFG/datos/', 'train_list': './list/ucf/train.list', 'test_list': './list/ucf/test.list', 'token_feat': './list/ucf/ucf-prompt.npy', 'gt': './list/ucf/ucf-gt-updated.npy', 'win_size': 9, 'gamma': 0.6, 'bias': 0.2, 'norm': True, 't_step': 9, 'temp': 0.09, 'lamda': 1, 'seed': 9, 'test_bs': 7, 'smooth': 'fixed', 'kappa': 10, 'ckpt_path': './ckpt/ucf__8636.pkl', 'feat_dim': 1024, 'head_num': 1, 'hid_dim': 128, 'out_dim': 300, 'lr': 0.0005, 'dropout': 0.1, 'train_bs': 128, 'max_seqlen': 200, 'max_epoch': 50, 'workers': 8, 'save_dir': './ckpt/', 'logs_dir': './log_info.log'}
[2026-01-14 12:26:56,467][main.py][line:113][INFO] total params:1.2091M
[2026-01-14 12:26:56,467][main.py][line:120][INFO] Test Mode
[2026-01-14 12:26:56,467][main.py][line:26][INFO] loading pretrained checkpoint from ./ckpt/ucf__8636.pkl.
[2026-01-14 12:27:06,229][main.py][line:87][INFO] Config:{'dataset': 'ucf-crime', 'model_name': 'ucf_', 'metrics': 'AUC', 'feat_prefix': '/home/nazoku/Desktop/TFG/datos/', 'train_list': './list/ucf/train.list', 'test_list': './list/ucf/test.list', 'token_feat': './list/ucf/ucf-prompt.npy', 'gt': './list/ucf/ucf-gt-updated.npy', 'win_size': 9, 'gamma': 0.6, 'bias': 0.2, 'norm': True, 't_step': 9, 'temp': 0.09, 'lamda': 1, 'seed': 9, 'test_bs': 9, 'smooth': 'fixed', 'kappa': 10, 'ckpt_path': './ckpt/ucf__8636.pkl', 'feat_dim': 1024, 'head_num': 1, 'hid_dim': 128, 'out_dim': 300, 'lr': 0.0005, 'dropout': 0.1, 'train_bs': 128, 'max_seqlen': 200, 'max_epoch': 50, 'workers': 8, 'save_dir': './ckpt/', 'logs_dir': './log_info.log'}
[2026-01-14 12:27:08,963][main.py][line:113][INFO] total params:1.2091M
[2026-01-14 12:27:08,963][main.py][line:120][INFO] Test Mode
[2026-01-14 12:27:08,964][main.py][line:26][INFO] loading pretrained checkpoint from ./ckpt/ucf__8636.pkl.
[2026-01-14 12:27:21,086][main.py][line:87][INFO] Config:{'dataset': 'ucf-crime', 'model_name': 'ucf_', 'metrics': 'AUC', 'feat_prefix': '/home/nazoku/Desktop/TFG/datos/', 'train_list': './list/ucf/train.list', 'test_list': './list/ucf/test.list', 'token_feat': './list/ucf/ucf-prompt.npy', 'gt': './list/ucf/ucf-gt-updated.npy', 'win_size': 9, 'gamma': 0.6, 'bias': 0.2, 'norm': True, 't_step': 9, 'temp': 0.09, 'lamda': 1, 'seed': 9, 'test_bs': 9, 'smooth': 'slide', 'kappa': 10, 'ckpt_path': './ckpt/ucf__8636.pkl', 'feat_dim': 1024, 'head_num': 1, 'hid_dim': 128, 'out_dim': 300, 'lr': 0.0005, 'dropout': 0.1, 'train_bs': 128, 'max_seqlen': 200, 'max_epoch': 50, 'workers': 8, 'save_dir': './ckpt/', 'logs_dir': './log_info.log'}
[2026-01-14 12:27:23,868][main.py][line:113][INFO] total params:1.2091M
[2026-01-14 12:27:23,869][main.py][line:120][INFO] Test Mode
[2026-01-14 12:27:23,869][main.py][line:26][INFO] loading pretrained checkpoint from ./ckpt/ucf__8636.pkl.
[2026-01-14 12:27:34,091][main.py][line:87][INFO] Config:{'dataset': 'ucf-crime', 'model_name': 'ucf_', 'metrics': 'AUC', 'feat_prefix': '/home/nazoku/Desktop/TFG/datos/', 'train_list': './list/ucf/train.list', 'test_list': './list/ucf/test.list', 'token_feat': './list/ucf/ucf-prompt.npy', 'gt': './list/ucf/ucf-gt-updated.npy', 'win_size': 9, 'gamma': 0.6, 'bias': 0.2, 'norm': True, 't_step': 9, 'temp': 0.09, 'lamda': 1, 'seed': 9, 'test_bs': 1, 'smooth': 'slide', 'kappa': 10, 'ckpt_path': './ckpt/ucf__8636.pkl', 'feat_dim': 1024, 'head_num': 1, 'hid_dim': 128, 'out_dim': 300, 'lr': 0.0005, 'dropout': 0.1, 'train_bs': 128, 'max_seqlen': 200, 'max_epoch': 50, 'workers': 8, 'save_dir': './ckpt/', 'logs_dir': './log_info.log'}
[2026-01-14 12:27:36,805][main.py][line:113][INFO] total params:1.2091M
[2026-01-14 12:27:36,805][main.py][line:120][INFO] Test Mode
[2026-01-14 12:27:36,805][main.py][line:26][INFO] loading pretrained checkpoint from ./ckpt/ucf__8636.pkl.
[2026-01-14 12:44:12,126][main.py][line:87][INFO] Config:{'dataset': 'ucf-crime', 'model_name': 'ucf_', 'metrics': 'AUC', 'feat_prefix': '/home/nazoku/Desktop/TFG/datos/', 'train_list': './list/ucf/train.list', 'test_list': './list/ucf/test.list', 'token_feat': './list/ucf/ucf-prompt.npy', 'gt': './list/ucf/ucf-gt-updated.npy', 'win_size': 9, 'gamma': 0.6, 'bias': 0.2, 'norm': True, 't_step': 9, 'temp': 0.09, 'lamda': 1, 'seed': 9, 'test_bs': 1, 'smooth': 'slide', 'kappa': 10, 'ckpt_path': './ckpt/ucf__8636.pkl', 'feat_dim': 1024, 'head_num': 1, 'hid_dim': 128, 'out_dim': 300, 'lr': 0.0005, 'dropout': 0.1, 'train_bs': 128, 'max_seqlen': 200, 'max_epoch': 50, 'workers': 8, 'save_dir': './ckpt/', 'logs_dir': './log_info.log'}
[2026-01-14 12:44:14,605][main.py][line:113][INFO] total params:1.2091M
[2026-01-14 12:44:14,605][main.py][line:120][INFO] Test Mode
[2026-01-14 12:44:14,605][main.py][line:26][INFO] loading pretrained checkpoint from ./ckpt/ucf__8636.pkl.
[2026-01-14 12:48:25,742][main.py][line:87][INFO] Config:{'dataset': 'ucf-crime', 'model_name': 'ucf_', 'metrics': 'AUC', 'feat_prefix': '/home/nazoku/Desktop/TFG/datos/', 'train_list': './list/ucf/train.list', 'test_list': './list/ucf/test.list', 'token_feat': './list/ucf/ucf-prompt.npy', 'gt': './list/ucf/ucf-gt-updated.npy', 'win_size': 9, 'gamma': 0.6, 'bias': 0.2, 'norm': True, 't_step': 9, 'temp': 0.09, 'lamda': 1, 'seed': 9, 'test_bs': 1, 'smooth': 'slide', 'kappa': 10, 'ckpt_path': './ckpt/ucf__8636.pkl', 'feat_dim': 1024, 'head_num': 1, 'hid_dim': 128, 'out_dim': 300, 'lr': 0.0005, 'dropout': 0.1, 'train_bs': 128, 'max_seqlen': 200, 'max_epoch': 50, 'workers': 8, 'save_dir': './ckpt/', 'logs_dir': './log_info.log'}
[2026-01-14 12:48:28,381][main.py][line:113][INFO] total params:1.2091M
[2026-01-14 12:48:28,381][main.py][line:120][INFO] Test Mode
[2026-01-14 12:48:28,381][main.py][line:26][INFO] loading pretrained checkpoint from ./ckpt/ucf__8636.pkl.
[2026-01-14 12:54:05,417][main.py][line:87][INFO] Config:{'dataset': 'ucf-crime', 'model_name': 'ucf_', 'metrics': 'AUC', 'feat_prefix': '/home/nazoku/Desktop/TFG/datos/', 'train_list': './list/ucf/train.list', 'test_list': './list/ucf/test.list', 'token_feat': './list/ucf/ucf-prompt.npy', 'gt': './list/ucf/ucf-gt-updated.npy', 'win_size': 9, 'gamma': 0.6, 'bias': 0.2, 'norm': True, 't_step': 9, 'temp': 0.09, 'lamda': 1, 'seed': 9, 'test_bs': 1, 'smooth': 'slide', 'kappa': 10, 'ckpt_path': './ckpt/ucf__8636.pkl', 'feat_dim': 1024, 'head_num': 1, 'hid_dim': 128, 'out_dim': 300, 'lr': 0.0005, 'dropout': 0.1, 'train_bs': 128, 'max_seqlen': 200, 'max_epoch': 50, 'workers': 8, 'save_dir': './ckpt/', 'logs_dir': './log_info.log'}
[2026-01-14 12:54:08,108][main.py][line:113][INFO] total params:1.2091M
[2026-01-14 12:54:08,108][main.py][line:120][INFO] Test Mode
[2026-01-14 12:54:08,108][main.py][line:26][INFO] loading pretrained checkpoint from ./ckpt/ucf__8636.pkl.
[2026-01-14 12:59:27,424][main.py][line:87][INFO] Config:{'dataset': 'ucf-crime', 'model_name': 'ucf_', 'metrics': 'AUC', 'feat_prefix': '/home/nazoku/Desktop/TFG/datos/', 'train_list': './list/ucf/train.list', 'test_list': './list/ucf/test.list', 'token_feat': './list/ucf/ucf-prompt.npy', 'gt': './list/ucf/ucf-gt-updated.npy', 'win_size': 9, 'gamma': 0.6, 'bias': 0.2, 'norm': True, 't_step': 9, 'temp': 0.09, 'lamda': 1, 'seed': 9, 'test_bs': 1, 'smooth': 'slide', 'kappa': 10, 'ckpt_path': './ckpt/ucf__8636.pkl', 'feat_dim': 1024, 'head_num': 1, 'hid_dim': 128, 'out_dim': 300, 'lr': 0.0005, 'dropout': 0.1, 'train_bs': 128, 'max_seqlen': 200, 'max_epoch': 50, 'workers': 8, 'save_dir': './ckpt/', 'logs_dir': './log_info.log'}
[2026-01-14 12:59:30,090][main.py][line:113][INFO] total params:1.2091M
[2026-01-14 12:59:30,090][main.py][line:120][INFO] Test Mode
[2026-01-14 12:59:30,090][main.py][line:26][INFO] loading pretrained checkpoint from ./ckpt/ucf__8636.pkl.
[2026-01-14 13:00:37,018][infer.py][line:59][INFO] offline AUC:0.4551 AP:0.0667 FAR:0.2709 | Complete in 1m 7s

